生成启动时间为 2022/2/15 12:00:41。
     1>项目“F:\C_project\c_basic\c_basic\c_basic.vcxproj”在节点 2 上(Build 个目标)。
     1>ClCompile:
         F:\VS2013\VC\bin\CL.exe /c /Zi /nologo /W3 /WX- /Od /Oy- /D WIN32 /D _DEBUG /D _CONSOLE /D _UNICODE /D UNICODE /Gm /EHsc /RTC1 /MDd /GS /fp:precise /Zc:wchar_t /Zc:forScope /Fo"Debug\\" /Fd"Debug\vc120.pdb" /Gd /TC /analyze- /errorReport:prompt check_skill.c
         check_skill.c
       Link:
         F:\VS2013\VC\bin\link.exe /ERRORREPORT:PROMPT /OUT:"F:\C_project\c_basic\Debug\c_basic.exe" /INCREMENTAL /NOLOGO kernel32.lib user32.lib gdi32.lib winspool.lib comdlg32.lib advapi32.lib shell32.lib ole32.lib oleaut32.lib uuid.lib odbc32.lib odbccp32.lib /MANIFEST /MANIFESTUAC:"level='asInvoker' uiAccess='false'" /manifest:embed /DEBUG /PDB:"F:\C_project\c_basic\Debug\c_basic.pdb" /SUBSYSTEM:CONSOLE /TLBID:1 /DYNAMICBASE /NXCOMPAT /IMPLIB:"F:\C_project\c_basic\Debug\c_basic.lib" /MACHINE:X86 Debug\add.obj
         Debug\caozuofu.obj
         Debug\check_skill.obj
         Debug\fcn.obj
         Debug\fenzhi_xunhuan.obj
         Debug\first.obj
         Debug\game1.obj
         Debug\game2.obj
         Debug\jiegouti.obj
         Debug\sanziqi.obj
         Debug\saolei.obj
         Debug\shuzu.obj
         Debug\zhizhen.obj
         c_basic.vcxproj -> F:\C_project\c_basic\Debug\c_basic.exe
     1>已完成生成项目“F:\C_project\c_basic\c_basic\c_basic.vcxproj”(Build 个目标)的操作。

生成成功。

已用时间 00:00:03.70
